<?xml version="1.0" encoding="UTF-8"?>
<!-- Generated by org.testng.reporters.JUnitReportReporter -->
<testsuite hostname="Sayyed-Zubair-Ali-369" failures="0" tests="2" name="testcases.ValidateShoppingCart" time="5.493" errors="0" timestamp="2023-02-10T12:07:32 IST" skipped="0">
  <testcase classname="testcases.ValidateShoppingCart" name="checkEmptyCart" time="3.451"/>
  <system-out/>
  <testcase classname="testcases.ValidateShoppingCart" name="selectingProduct" time="2.042"/>
  <system-out/>
</testsuite> <!-- testcases.ValidateShoppingCart -->
