<?xml version="1.0" encoding="UTF-8"?>
<!-- Generated by org.testng.reporters.JUnitReportReporter -->
<testsuite hostname="Sayyed-Zubair-Ali-369" failures="0" tests="3" name="testcases.ValidateLogin" time="1.748" errors="0" timestamp="2023-02-10T12:07:32 IST" skipped="0">
  <testcase classname="testcases.ValidateLogin" name="clickOnLogin" time="0.654"/>
  <system-out/>
  <testcase classname="testcases.ValidateLogin" name="validateUsername" time="0.033"/>
  <system-out/>
  <testcase classname="testcases.ValidateLogin" name="doLogin" time="1.061"/>
  <system-out/>
</testsuite> <!-- testcases.ValidateLogin -->
